<?xml version="1.0" encoding="UTF-8"?>
<testng-results skipped="0" failed="0" ignored="0" total="1" passed="1">
  <reporter-output>
  </reporter-output>
  <suite name="Default suite" duration-ms="4259" started-at="2020-06-19T01:47:41Z" finished-at="2020-06-19T01:47:45Z">
    <groups>
    </groups>
    <test name="Default test" duration-ms="4259" started-at="2020-06-19T01:47:41Z" finished-at="2020-06-19T01:47:45Z">
      <class name="httpmethods.GetResources">
        <test-method status="PASS" signature="getRequest()[pri:0, instance:httpmethods.GetResources@3e6fa38a]" name="getRequest" is-config="true" duration-ms="3361" started-at="2020-06-19T07:17:41Z" finished-at="2020-06-19T07:17:44Z">
          <reporter-output>
          </reporter-output>
        </test-method> <!-- getRequest -->
        <test-method status="PASS" signature="checkResult()[pri:0, instance:httpmethods.GetResources@3e6fa38a]" name="checkResult" duration-ms="883" started-at="2020-06-19T07:17:44Z" finished-at="2020-06-19T07:17:45Z">
          <reporter-output>
          </reporter-output>
        </test-method> <!-- checkResult -->
      </class> <!-- httpmethods.GetResources -->
    </test> <!-- Default test -->
  </suite> <!-- Default suite -->
</testng-results>
